# JRE version: OpenJDK Runtime Environment Temurin-21.0.4+7 (21.0.4+7) (build 21.0.4+7-LTS)
# Java VM: OpenJDK 64-Bit Server VM Temurin-21.0.4+7 (21.0.4+7-LTS, mixed mode, sharing, tiered, compressed oops, compressed class ptrs, g1 gc, windows-amd64)
GC Precious Log:
 CardTable entry size: 512
 Card Set container configuration: InlinePtr #cards 5 size 8 Array Of Cards #cards 12 size 40 Howl #buckets 4 coarsen threshold 1843 Howl Bitmap #cards 512 size 80 coarsen threshold 460 Card regions per heap region 1 cards per card region 2048
 CPUs: 4 total, 4 available
 Memory: 3980M
 Large Page Support: Disabled
 NUMA Support: Disabled
 Compressed Oops: Enabled (32-bit)
 Heap Region Size: 1M
 Heap Min Capacity: 8M
 Heap Initial Capacity: 64M
 Heap Max Capacity: 996M
 Pre-touch: Disabled
 Parallel Workers: 4
 Concurrent Workers: 1
 Concurrent Refinement Workers: 4
 Periodic GC: Disabled
Heap:
 garbage-first heap   total 45056K, used 29531K [0x00000000c1c00000, 0x0000000100000000)
  region size 1024K, 4 young (4096K), 2 survivors (2048K)
 Metaspace       used 65019K, committed 65664K, reserved 1114112K
  class space    used 8781K, committed 9088K, reserved 1048576K
GC Heap History (20 events):
Event: 19.590 GC heap before
{Heap before GC invocations=7 (full 0):
 garbage-first heap   total 45056K, used 36323K [0x00000000c1c00000, 0x0000000100000000)
  region size 1024K, 22 young (22528K), 3 survivors (3072K)
 Metaspace       used 31211K, committed 31680K, reserved 1114112K
  class space    used 3970K, committed 4224K, reserved 1048576K
}
Event: 19.601 GC heap after
{Heap after GC invocations=8 (full 0):
 garbage-first heap   total 45056K, used 18573K [0x00000000c1c00000, 0x0000000100000000)
  region size 1024K, 2 young (2048K), 2 survivors (2048K)
 Metaspace       used 31211K, committed 31680K, reserved 1114112K
  class space    used 3970K, committed 4224K, reserved 1048576K
}
Event: 20.471 GC heap before
{Heap before GC invocations=8 (full 0):
 garbage-first heap   total 45056K, used 31885K [0x00000000c1c00000, 0x0000000100000000)
  region size 1024K, 16 young (16384K), 2 survivors (2048K)
 Metaspace       used 35463K, committed 35968K, reserved 1114112K
  class space    used 4435K, committed 4672K, reserved 1048576K
}
Event: 20.479 GC heap after
{Heap after GC invocations=9 (full 0):
 garbage-first heap   total 45056K, used 19940K [0x00000000c1c00000, 0x0000000100000000)
  region size 1024K, 2 young (2048K), 2 survivors (2048K)
 Metaspace       used 35463K, committed 35968K, reserved 1114112K
  class space    used 4435K, committed 4672K, reserved 1048576K
}
Event: 22.528 GC heap before
{Heap before GC invocations=10 (full 0):
 garbage-first heap   total 45056K, used 36324K [0x00000000c1c00000, 0x0000000100000000)
  region size 1024K, 19 young (19456K), 2 survivors (2048K)
 Metaspace       used 39992K, committed 40576K, reserved 1114112K
  class space    used 5079K, committed 5312K, reserved 1048576K
}
Event: 22.535 GC heap after
{Heap after GC invocations=11 (full 0):
 garbage-first heap   total 45056K, used 21050K [0x00000000c1c00000, 0x0000000100000000)
  region size 1024K, 3 young (3072K), 3 survivors (3072K)
 Metaspace       used 39992K, committed 40576K, reserved 1114112K
  class space    used 5079K, committed 5312K, reserved 1048576K
}
Event: 24.749 GC heap before
{Heap before GC invocations=11 (full 0):
 garbage-first heap   total 45056K, used 36410K [0x00000000c1c00000, 0x0000000100000000)
  region size 1024K, 19 young (19456K), 3 survivors (3072K)
 Metaspace       used 44472K, committed 45056K, reserved 1114112K
  class space    used 5806K, committed 6080K, reserved 1048576K
}
Event: 24.759 GC heap after
{Heap after GC invocations=12 (full 0):
 garbage-first heap   total 45056K, used 21749K [0x00000000c1c00000, 0x0000000100000000)
  region size 1024K, 3 young (3072K), 3 survivors (3072K)
 Metaspace       used 44472K, committed 45056K, reserved 1114112K
  class space    used 5806K, committed 6080K, reserved 1048576K
}
Event: 26.281 GC heap before
{Heap before GC invocations=12 (full 0):
 garbage-first heap   total 45056K, used 36085K [0x00000000c1c00000, 0x0000000100000000)
  region size 1024K, 18 young (18432K), 3 survivors (3072K)
 Metaspace       used 48667K, committed 49216K, reserved 1114112K
  class space    used 6344K, committed 6592K, reserved 1048576K
}
Event: 26.292 GC heap after
{Heap after GC invocations=13 (full 0):
 garbage-first heap   total 45056K, used 22601K [0x00000000c1c00000, 0x0000000100000000)
  region size 1024K, 2 young (2048K), 2 survivors (2048K)
 Metaspace       used 48667K, committed 49216K, reserved 1114112K
  class space    used 6344K, committed 6592K, reserved 1048576K
}
Event: 27.856 GC heap before
{Heap before GC invocations=14 (full 0):
 garbage-first heap   total 45056K, used 37961K [0x00000000c1c00000, 0x0000000100000000)
  region size 1024K, 18 young (18432K), 2 survivors (2048K)
 Metaspace       used 54319K, committed 54848K, reserved 1114112K
  class space    used 7263K, committed 7488K, reserved 1048576K
}
Event: 27.865 GC heap after
{Heap after GC invocations=15 (full 0):
 garbage-first heap   total 45056K, used 23529K [0x00000000c1c00000, 0x0000000100000000)
  region size 1024K, 2 young (2048K), 2 survivors (2048K)
 Metaspace       used 54319K, committed 54848K, reserved 1114112K
  class space    used 7263K, committed 7488K, reserved 1048576K
}
Event: 29.586 GC heap before
{Heap before GC invocations=15 (full 0):
 garbage-first heap   total 45056K, used 38889K [0x00000000c1c00000, 0x0000000100000000)
  region size 1024K, 17 young (17408K), 2 survivors (2048K)
 Metaspace       used 58626K, committed 59264K, reserved 1114112K
  class space    used 7926K, committed 8192K, reserved 1048576K
}
Event: 29.594 GC heap after
{Heap after GC invocations=16 (full 0):
 garbage-first heap   total 45056K, used 23934K [0x00000000c1c00000, 0x0000000100000000)
  region size 1024K, 3 young (3072K), 3 survivors (3072K)
 Metaspace       used 58626K, committed 59264K, reserved 1114112K
  class space    used 7926K, committed 8192K, reserved 1048576K
}
Event: 30.940 GC heap before
{Heap before GC invocations=16 (full 0):
 garbage-first heap   total 45056K, used 37246K [0x00000000c1c00000, 0x0000000100000000)
  region size 1024K, 16 young (16384K), 3 survivors (3072K)
 Metaspace       used 60812K, committed 61504K, reserved 1114112K
  class space    used 8226K, committed 8576K, reserved 1048576K
}
Event: 30.955 GC heap after
{Heap after GC invocations=17 (full 0):
 garbage-first heap   total 45056K, used 25370K [0x00000000c1c00000, 0x0000000100000000)
  region size 1024K, 2 young (2048K), 2 survivors (2048K)
 Metaspace       used 60812K, committed 61504K, reserved 1114112K
  class space    used 8226K, committed 8576K, reserved 1048576K
}
Event: 32.169 GC heap before
{Heap before GC invocations=18 (full 0):
 garbage-first heap   total 45056K, used 39706K [0x00000000c1c00000, 0x0000000100000000)
  region size 1024K, 16 young (16384K), 2 survivors (2048K)
 Metaspace       used 62555K, committed 63232K, reserved 1114112K
  class space    used 8466K, committed 8768K, reserved 1048576K
}
Event: 32.186 GC heap after
{Heap after GC invocations=19 (full 0):
 garbage-first heap   total 45056K, used 27247K [0x00000000c1c00000, 0x0000000100000000)
  region size 1024K, 2 young (2048K), 2 survivors (2048K)
 Metaspace       used 62555K, committed 63232K, reserved 1114112K
  class space    used 8466K, committed 8768K, reserved 1048576K
}
Event: 33.704 GC heap before
{Heap before GC invocations=19 (full 0):
 garbage-first heap   total 45056K, used 39535K [0x00000000c1c00000, 0x0000000100000000)
  region size 1024K, 14 young (14336K), 2 survivors (2048K)
 Metaspace       used 64716K, committed 65408K, reserved 1114112K
  class space    used 8748K, committed 9088K, reserved 1048576K
}
Event: 33.716 GC heap after
{Heap after GC invocations=20 (full 0):
 garbage-first heap   total 45056K, used 28507K [0x00000000c1c00000, 0x0000000100000000)
  region size 1024K, 2 young (2048K), 2 survivors (2048K)
 Metaspace       used 64716K, committed 65408K, reserved 1114112K
  class space    used 8748K, committed 9088K, reserved 1048576K
}

